<?xml version="1.0" encoding="UTF-8"?>
<testng-results ignored="0" total="2" passed="2" failed="0" skipped="0">
  <reporter-output>
  </reporter-output>
  <suite started-at="2024-07-05T08:10:39 IST" name="Suite" finished-at="2024-07-05T08:10:58 IST" duration-ms="19387">
    <groups>
    </groups>
    <test started-at="2024-07-05T08:10:39 IST" name="Test" finished-at="2024-07-05T08:10:58 IST" duration-ms="19387">
      <class name="testcases.VerifyValidLogin">
        <test-method is-config="true" signature="launchBrowser()[pri:0, instance:testcases.VerifyValidLogin@20ccf40b]" started-at="2024-07-05T08:10:39 IST" name="launchBrowser" finished-at="2024-07-05T08:10:45 IST" duration-ms="6211" status="PASS">
          <reporter-output>
          </reporter-output>
        </test-method> <!-- launchBrowser -->
        <test-method signature="verifyValidLogin()[pri:0, instance:testcases.VerifyValidLogin@20ccf40b]" started-at="2024-07-05T08:10:45 IST" name="verifyValidLogin" finished-at="2024-07-05T08:10:49 IST" duration-ms="3267" status="PASS">
          <reporter-output>
          </reporter-output>
        </test-method> <!-- verifyValidLogin -->
        <test-method is-config="true" signature="tearDown()[pri:0, instance:testcases.VerifyValidLogin@20ccf40b]" started-at="2024-07-05T08:10:49 IST" name="tearDown" finished-at="2024-07-05T08:10:49 IST" duration-ms="494" status="PASS">
          <reporter-output>
          </reporter-output>
        </test-method> <!-- tearDown -->
      </class> <!-- testcases.VerifyValidLogin -->
      <class name="testcases.VerifyCountryDropdown">
        <test-method is-config="true" signature="launchBrowser()[pri:0, instance:testcases.VerifyCountryDropdown@57cf54e1]" started-at="2024-07-05T08:10:49 IST" name="launchBrowser" finished-at="2024-07-05T08:10:54 IST" duration-ms="4957" status="PASS">
          <reporter-output>
          </reporter-output>
        </test-method> <!-- launchBrowser -->
        <test-method signature="verifyCountryDropdown()[pri:0, instance:testcases.VerifyCountryDropdown@57cf54e1]" started-at="2024-07-05T08:10:54 IST" name="verifyCountryDropdown" finished-at="2024-07-05T08:10:58 IST" duration-ms="3960" status="PASS">
          <reporter-output>
          </reporter-output>
        </test-method> <!-- verifyCountryDropdown -->
        <test-method is-config="true" signature="tearDown()[pri:0, instance:testcases.VerifyCountryDropdown@57cf54e1]" started-at="2024-07-05T08:10:58 IST" name="tearDown" finished-at="2024-07-05T08:10:58 IST" duration-ms="421" status="PASS">
          <reporter-output>
          </reporter-output>
        </test-method> <!-- tearDown -->
      </class> <!-- testcases.VerifyCountryDropdown -->
    </test> <!-- Test -->
  </suite> <!-- Suite -->
</testng-results>
